Warning: ignoring unsupported tag `ALLOW_UNICODE_NAMES    =' at line 79, file /home/travis/build/keyboardio/Arduino-Boards/etc/doxygen/doxygen.conf
Warning: ignoring unsupported tag `TOC_INCLUDE_HEADINGS   =' at line 313, file /home/travis/build/keyboardio/Arduino-Boards/etc/doxygen/doxygen.conf
Warning: ignoring unsupported tag `GROUP_NESTED_COMPOUNDS =' at line 370, file /home/travis/build/keyboardio/Arduino-Boards/etc/doxygen/doxygen.conf
Warning: ignoring unsupported tag `HIDE_COMPOUND_REFERENCE=' at line 541, file /home/travis/build/keyboardio/Arduino-Boards/etc/doxygen/doxygen.conf
Warning: ignoring unsupported tag `WARN_AS_ERROR          =' at line 765, file /home/travis/build/keyboardio/Arduino-Boards/etc/doxygen/doxygen.conf
Warning: Tag `CLANG_ASSISTED_PARSING' at line 1051 of file /home/travis/build/keyboardio/Arduino-Boards/etc/doxygen/doxygen.conf belongs to an option that was not enabled at compile time.
To avoid this warning please remove this line from your configuration file, upgrade it using "doxygen -u", or recompile doxygen with this feature enabled.
Warning: Tag `CLANG_OPTIONS' at line 1059 of file /home/travis/build/keyboardio/Arduino-Boards/etc/doxygen/doxygen.conf belongs to an option that was not enabled at compile time.
To avoid this warning please remove this line from your configuration file, upgrade it using "doxygen -u", or recompile doxygen with this feature enabled.
Warning: ignoring unsupported tag `LATEX_EXTRA_STYLESHEET =' at line 1733, file /home/travis/build/keyboardio/Arduino-Boards/etc/doxygen/doxygen.conf
Warning: ignoring unsupported tag `LATEX_TIMESTAMP        =' at line 1800, file /home/travis/build/keyboardio/Arduino-Boards/etc/doxygen/doxygen.conf
Warning: ignoring unsupported tag `RTF_SOURCE_CODE        =' at line 1866, file /home/travis/build/keyboardio/Arduino-Boards/etc/doxygen/doxygen.conf
Warning: ignoring unsupported tag `MAN_SUBDIR             =' at line 1901, file /home/travis/build/keyboardio/Arduino-Boards/etc/doxygen/doxygen.conf
Warning: ignoring unsupported tag `DOCBOOK_PROGRAMLISTING =' at line 1964, file /home/travis/build/keyboardio/Arduino-Boards/etc/doxygen/doxygen.conf
Warning: ignoring unsupported tag `PLANTUML_JAR_PATH      =' at line 2395, file /home/travis/build/keyboardio/Arduino-Boards/etc/doxygen/doxygen.conf
Warning: ignoring unsupported tag `PLANTUML_CFG_FILE      =' at line 2400, file /home/travis/build/keyboardio/Arduino-Boards/etc/doxygen/doxygen.conf
Warning: ignoring unsupported tag `PLANTUML_INCLUDE_PATH  =' at line 2405, file /home/travis/build/keyboardio/Arduino-Boards/etc/doxygen/doxygen.conf
Warning: tag INPUT: input source `libraries' does not exist
warning: source libraries is not a readable file or directory... skipping.
error: Style sheet 'etc/doxygen/customdoxygen.css' specified by HTML_EXTRA_STYLESHEET does not exist!
Searching for include files...
Searching for example files...
Searching for images...
Searching for dot files...
Searching for msc files...
Searching for dia files...
Searching for files to exclude
Searching for files to process...
Reading and parsing tag files
Parsing files
Building group list...
Building directory list...
Building namespace list...
Building file list...
Building class list...
Associating documentation with classes...
Computing nesting relations for classes...
Building example list...
Searching for enumerations...
Searching for documented typedefs...
Searching for members imported via using declarations...
Searching for included using directives...
Searching for documented variables...
Building interface member list...
Building member list...
Searching for friends...
Searching for documented defines...
Computing class inheritance relations...
Computing class usage relations...
Flushing cached template relations that have become invalid...
Creating members for template instances...
Computing class relations...
Add enum values to enums...
Searching for member function documentation...
Building page list...
Search for main page...
Computing page relations...
Determining the scope of groups...
Sorting lists...
Freeing entry tree
Determining which enums are documented
Computing member relations...
Building full member lists recursively...
Adding members to member groups.
Computing member references...
Inheriting documentation...
Generating disk names...
Adding source references...
Adding xrefitems...
Sorting member lists...
Computing dependencies between directories...
Generating citations page...
Counting data structures...
Resolving user defined references...
Finding anchors and sections in the documentation...
Transferring function references...
Combining using relations...
Adding members to index pages...
Generating style sheet...
Generating search indices...
Generating example documentation...
Generating file sources...
Generating file documentation...
Generating page documentation...
Generating group documentation...
Generating class documentation...
Generating namespace index...
Generating graph info page...
Generating directory documentation...
Generating index page...
Generating page index...
Generating module index...
Generating namespace index...
Generating namespace member index...
Generating annotated compound index...
Generating alphabetical compound index...
Generating hierarchical class index...
Generating graphical class hierarchy...
Generating member index...
Generating file index...
Generating file member index...
Generating example index...
finalizing index lists...
Running dot...
Running dot for graph 1/1
lookup cache used 0/65536 hits=0 misses=0
finished...
